This is pdfTeX, Version 3.14159265-2.6-1.40.17 (TeX Live 2016) (preloaded format=pdflatex 2016.5.22)  12 DEC 2016 16:06
entering extended mode
 restricted \write18 enabled.
 file:line:error style messages enabled.
 %&-line parsing enabled.
**assran.tex
(./assran.tex
LaTeX2e <2016/03/31>
Babel <3.9r> and hyphenation patterns for 83 language(s) loaded.
(/usr/local/texlive/2016/texmf-dist/tex/latex/base/article.cls
Document Class: article 2014/09/29 v1.4h Standard LaTeX document class
(/usr/local/texlive/2016/texmf-dist/tex/latex/base/size11.clo
File: size11.clo 2014/09/29 v1.4h Standard LaTeX file (size option)
)
\c@part=\count79
\c@section=\count80
\c@subsection=\count81
\c@subsubsection=\count82
\c@paragraph=\count83
\c@subparagraph=\count84
\c@figure=\count85
\c@table=\count86
\abovecaptionskip=\skip41
\belowcaptionskip=\skip42
\bibindent=\dimen102
)
(/usr/local/texlive/2016/texmf-dist/tex/latex/geometry/geometry.sty
Package: geometry 2010/09/12 v5.6 Page Geometry

(/usr/local/texlive/2016/texmf-dist/tex/latex/graphics/keyval.sty
Package: keyval 2014/10/28 v1.15 key=value parser (DPC)
\KV@toks@=\toks14
)
(/usr/local/texlive/2016/texmf-dist/tex/generic/oberdiek/ifpdf.sty
Package: ifpdf 2016/05/14 v3.1 Provides the ifpdf switch
)
(/usr/local/texlive/2016/texmf-dist/tex/generic/oberdiek/ifvtex.sty
Package: ifvtex 2016/05/16 v1.6 Detect VTeX and its facilities (HO)
Package ifvtex Info: VTeX not detected.
)
(/usr/local/texlive/2016/texmf-dist/tex/generic/ifxetex/ifxetex.sty
Package: ifxetex 2010/09/12 v0.6 Provides ifxetex conditional
)
\Gm@cnth=\count87
\Gm@cntv=\count88
\c@Gm@tempcnt=\count89
\Gm@bindingoffset=\dimen103
\Gm@wd@mp=\dimen104
\Gm@odd@mp=\dimen105
\Gm@even@mp=\dimen106
\Gm@layoutwidth=\dimen107
\Gm@layoutheight=\dimen108
\Gm@layouthoffset=\dimen109
\Gm@layoutvoffset=\dimen110
\Gm@dimlist=\toks15
)
(/usr/local/texlive/2016/texmf-dist/tex/latex/graphics/graphicx.sty
Package: graphicx 2014/10/28 v1.0g Enhanced LaTeX Graphics (DPC,SPQR)

(/usr/local/texlive/2016/texmf-dist/tex/latex/graphics/graphics.sty
Package: graphics 2016/05/09 v1.0r Standard LaTeX Graphics (DPC,SPQR)

(/usr/local/texlive/2016/texmf-dist/tex/latex/graphics/trig.sty
Package: trig 2016/01/03 v1.10 sin cos tan (DPC)
)
(/usr/local/texlive/2016/texmf-dist/tex/latex/graphics-cfg/graphics.cfg
File: graphics.cfg 2016/01/02 v1.10 sample graphics configuration
)
Package graphics Info: Driver file: pdftex.def on input line 96.

(/usr/local/texlive/2016/texmf-dist/tex/latex/pdftex-def/pdftex.def
File: pdftex.def 2011/05/27 v0.06d Graphics/color for pdfTeX

(/usr/local/texlive/2016/texmf-dist/tex/generic/oberdiek/infwarerr.sty
Package: infwarerr 2016/05/16 v1.4 Providing info/warning/error messages (HO)
)
(/usr/local/texlive/2016/texmf-dist/tex/generic/oberdiek/ltxcmds.sty
Package: ltxcmds 2016/05/16 v1.23 LaTeX kernel commands for general use (HO)
)
\Gread@gobject=\count90
))
\Gin@req@height=\dimen111
\Gin@req@width=\dimen112
)
(/usr/local/texlive/2016/texmf-dist/tex/latex/oberdiek/epstopdf.sty
Package: epstopdf 2016/05/15 v2.6 Conversion with epstopdf on the fly (HO)

(/usr/local/texlive/2016/texmf-dist/tex/latex/oberdiek/epstopdf-base.sty
Package: epstopdf-base 2016/05/15 v2.6 Base part for package epstopdf

(/usr/local/texlive/2016/texmf-dist/tex/latex/oberdiek/grfext.sty
Package: grfext 2016/05/16 v1.2 Manage graphics extensions (HO)

(/usr/local/texlive/2016/texmf-dist/tex/generic/oberdiek/kvdefinekeys.sty
Package: kvdefinekeys 2016/05/16 v1.4 Define keys (HO)
))
(/usr/local/texlive/2016/texmf-dist/tex/latex/oberdiek/kvoptions.sty
Package: kvoptions 2016/05/16 v3.12 Key value format for package options (HO)

(/usr/local/texlive/2016/texmf-dist/tex/generic/oberdiek/kvsetkeys.sty
Package: kvsetkeys 2016/05/16 v1.17 Key value parser (HO)

(/usr/local/texlive/2016/texmf-dist/tex/generic/oberdiek/etexcmds.sty
Package: etexcmds 2016/05/16 v1.6 Avoid name clashes with e-TeX commands (HO)

(/usr/local/texlive/2016/texmf-dist/tex/generic/oberdiek/ifluatex.sty
Package: ifluatex 2016/05/16 v1.4 Provides the ifluatex switch (HO)
Package ifluatex Info: LuaTeX not detected.
)
Package etexcmds Info: Could not find \expanded.
(etexcmds)             That can mean that you are not using pdfTeX 1.50 or
(etexcmds)             that some package has redefined \expanded.
(etexcmds)             In the latter case, load this package earlier.
)))
(/usr/local/texlive/2016/texmf-dist/tex/generic/oberdiek/pdftexcmds.sty
Package: pdftexcmds 2016/05/10 v0.21 Utility functions of pdfTeX for LuaTeX (HO
)
Package pdftexcmds Info: LuaTeX not detected.
Package pdftexcmds Info: \pdf@primitive is available.
Package pdftexcmds Info: \pdf@ifprimitive is available.
Package pdftexcmds Info: \pdfdraftmode found.
)
Package grfext Info: Graphics extension search list:
(grfext)             [.png,.pdf,.jpg,.mps,.jpeg,.jbig2,.jb2,.PNG,.PDF,.JPG,.JPE
G,.JBIG2,.JB2,.eps]
(grfext)             \AppendGraphicsExtensions on input line 456.

(/usr/local/texlive/2016/texmf-dist/tex/latex/latexconfig/epstopdf-sys.cfg
File: epstopdf-sys.cfg 2010/07/13 v1.3 Configuration of (r)epstopdf for TeX Liv
e
)))
(/usr/local/texlive/2016/texmf-dist/tex/latex/caption/caption.sty
Package: caption 2016/02/21 v3.3-144 Customizing captions (AR)

(/usr/local/texlive/2016/texmf-dist/tex/latex/caption/caption3.sty
Package: caption3 2016/02/04 v1.7-139 caption3 kernel (AR)
Package caption3 Info: TeX engine: e-TeX on input line 67.
\captionmargin=\dimen113
\captionmargin@=\dimen114
\captionwidth=\dimen115
\caption@tempdima=\dimen116
\caption@indent=\dimen117
\caption@parindent=\dimen118
\caption@hangindent=\dimen119
)
\c@ContinuedFloat=\count91
)
(/usr/local/texlive/2016/texmf-dist/tex/latex/caption/subcaption.sty
Package: subcaption 2016/02/20 v1.1-142 Sub-captions (AR)
\c@subfigure=\count92
\c@subtable=\count93
)
(/usr/local/texlive/2016/texmf-dist/tex/latex/jknapltx/mathrsfs.sty
Package: mathrsfs 1996/01/01 Math RSFS package v1.0 (jk)
\symrsfs=\mathgroup4
)
(/usr/local/texlive/2016/texmf-dist/tex/latex/amsmath/amsmath.sty
Package: amsmath 2016/03/10 v2.15b AMS math features
\@mathmargin=\skip43

For additional information on amsmath, use the `?' option.
(/usr/local/texlive/2016/texmf-dist/tex/latex/amsmath/amstext.sty
Package: amstext 2000/06/29 v2.01 AMS text

(/usr/local/texlive/2016/texmf-dist/tex/latex/amsmath/amsgen.sty
File: amsgen.sty 1999/11/30 v2.0 generic functions
\@emptytoks=\toks16
\ex@=\dimen120
))
(/usr/local/texlive/2016/texmf-dist/tex/latex/amsmath/amsbsy.sty
Package: amsbsy 1999/11/29 v1.2d Bold Symbols
\pmbraise@=\dimen121
)
(/usr/local/texlive/2016/texmf-dist/tex/latex/amsmath/amsopn.sty
Package: amsopn 2016/03/08 v2.02 operator names
)
\inf@bad=\count94
LaTeX Info: Redefining \frac on input line 199.
\uproot@=\count95
\leftroot@=\count96
LaTeX Info: Redefining \overline on input line 297.
\classnum@=\count97
\DOTSCASE@=\count98
LaTeX Info: Redefining \ldots on input line 394.
LaTeX Info: Redefining \dots on input line 397.
LaTeX Info: Redefining \cdots on input line 518.
\Mathstrutbox@=\box26
\strutbox@=\box27
\big@size=\dimen122
LaTeX Font Info:    Redeclaring font encoding OML on input line 634.
LaTeX Font Info:    Redeclaring font encoding OMS on input line 635.
\macc@depth=\count99
\c@MaxMatrixCols=\count100
\dotsspace@=\muskip10
\c@parentequation=\count101
\dspbrk@lvl=\count102
\tag@help=\toks17
\row@=\count103
\column@=\count104
\maxfields@=\count105
\andhelp@=\toks18
\eqnshift@=\dimen123
\alignsep@=\dimen124
\tagshift@=\dimen125
\tagwidth@=\dimen126
\totwidth@=\dimen127
\lineht@=\dimen128
\@envbody=\toks19
\multlinegap=\skip44
\multlinetaggap=\skip45
\mathdisplay@stack=\toks20
LaTeX Info: Redefining \[ on input line 2739.
LaTeX Info: Redefining \] on input line 2740.
)
(/usr/local/texlive/2016/texmf-dist/tex/latex/amsfonts/amssymb.sty
Package: amssymb 2013/01/14 v3.01 AMS font symbols

(/usr/local/texlive/2016/texmf-dist/tex/latex/amsfonts/amsfonts.sty
Package: amsfonts 2013/01/14 v3.01 Basic AMSFonts support
\symAMSa=\mathgroup5
\symAMSb=\mathgroup6
LaTeX Font Info:    Overwriting math alphabet `\mathfrak' in version `bold'
(Font)                  U/euf/m/n --> U/euf/b/n on input line 106.
))
(/usr/local/texlive/2016/texmf-dist/tex/latex/mathtools/empheq.sty
Package: empheq 2014/07/16 v2.14 Emphasizing equations

(/usr/local/texlive/2016/texmf-dist/tex/latex/mathtools/mhsetup.sty
Package: mhsetup 2010/01/21 v1.2a programming setup (MH)
)
(/usr/local/texlive/2016/texmf-dist/tex/latex/mathtools/mathtools.sty
Package: mathtools 2015/11/12 v1.18 mathematical typesetting tools

(/usr/local/texlive/2016/texmf-dist/tex/latex/tools/calc.sty
Package: calc 2014/10/28 v4.3 Infix arithmetic (KKT,FJ)
\calc@Acount=\count106
\calc@Bcount=\count107
\calc@Adimen=\dimen129
\calc@Bdimen=\dimen130
\calc@Askip=\skip46
\calc@Bskip=\skip47
LaTeX Info: Redefining \setlength on input line 80.
LaTeX Info: Redefining \addtolength on input line 81.
\calc@Ccount=\count108
\calc@Cskip=\skip48
)
LaTeX Info: Thecontrolsequence`\('isalreadyrobust on input line 129.
LaTeX Info: Thecontrolsequence`\)'isalreadyrobust on input line 129.
LaTeX Info: Thecontrolsequence`\['isalreadyrobust on input line 129.
LaTeX Info: Thecontrolsequence`\]'isalreadyrobust on input line 129.
\g_MT_multlinerow_int=\count109
\l_MT_multwidth_dim=\dimen131
\origjot=\skip49
\l_MT_shortvdotswithinadjustabove_dim=\dimen132
\l_MT_shortvdotswithinadjustbelow_dim=\dimen133
\l_MT_above_intertext_sep=\dimen134
\l_MT_below_intertext_sep=\dimen135
\l_MT_above_shortintertext_sep=\dimen136
\l_MT_below_shortintertext_sep=\dimen137
)
\l_EQ_equationtype_int=\count110
\l_EQ_alignmentmode_int=\count111
\l_EQ_totalwidth_dim=\dimen138
\l_EQ_displaywidth_dim=\dimen139
\l_EQ_temp_linewidth_dim=\dimen140
\EmphEqdelimitershortfall=\dimen141
\EmphEqdelimiterfactor=\count112
\g_EQ_toptag_height_dim=\dimen142
\g_EQ_bottomtag_depth_dim=\dimen143
\g_EQ_toprow_height_dim=\dimen144
\g_EQ_bottomrow_depth_dim=\dimen145
\g_EQ_widesttag_dim=\dimen146
\EQ_mathdisplay_box=\box28
\EQ_tag_box=\box29
\g_EQ_temprow_int=\count113
)
(/usr/local/texlive/2016/texmf-dist/tex/latex/csquotes/csquotes.sty
Package: csquotes 2016/01/31 v5.1g context-sensitive quotations (JAW)

(/usr/local/texlive/2016/texmf-dist/tex/latex/etoolbox/etoolbox.sty
Package: etoolbox 2015/08/02 v2.2a e-TeX tools for LaTeX (JAW)
\etb@tempcnta=\count114
)
\csq@reset=\count115
\csq@gtype=\count116
\csq@glevel=\count117
\csq@qlevel=\count118
\csq@maxlvl=\count119
\csq@tshold=\count120
\csq@ltx@everypar=\toks21

(/usr/local/texlive/2016/texmf-dist/tex/latex/csquotes/csquotes.def
File: csquotes.def 2016/01/31 v5.1g csquotes generic definitions (JAW)
)
Package csquotes Info: Trying to load configuration file 'csquotes.cfg'...
Package csquotes Info: ... configuration file loaded successfully.

(/usr/local/texlive/2016/texmf-dist/tex/latex/csquotes/csquotes.cfg
File: csquotes.cfg 
)
Package csquotes Info: Enabling multilingual quotes.
)
(/usr/local/texlive/2016/texmf-dist/tex/latex/placeins/placeins.sty
Package: placeins 2005/04/18  v 2.2
)
(/usr/local/texlive/2016/texmf-dist/tex/latex/listings/listings.sty
\lst@mode=\count121
\lst@gtempboxa=\box30
\lst@token=\toks22
\lst@length=\count122
\lst@currlwidth=\dimen147
\lst@column=\count123
\lst@pos=\count124
\lst@lostspace=\dimen148
\lst@width=\dimen149
\lst@newlines=\count125
\lst@lineno=\count126
\lst@maxwidth=\dimen150

(/usr/local/texlive/2016/texmf-dist/tex/latex/listings/lstmisc.sty
File: lstmisc.sty 2015/06/04 1.6 (Carsten Heinz)
\c@lstnumber=\count127
\lst@skipnumbers=\count128
\lst@framebox=\box31
)
(/usr/local/texlive/2016/texmf-dist/tex/latex/listings/listings.cfg
File: listings.cfg 2015/06/04 1.6 listings configuration
))
Package: listings 2015/06/04 1.6 (Carsten Heinz)

(/usr/local/texlive/2016/texmf-dist/tex/latex/graphics/color.sty
Package: color 2016/05/09 v1.1c Standard LaTeX Color (DPC)

(/usr/local/texlive/2016/texmf-dist/tex/latex/graphics-cfg/color.cfg
File: color.cfg 2016/01/02 v1.6 sample color configuration
)
Package color Info: Driver file: pdftex.def on input line 144.
)
(/usr/local/texlive/2016/texmf-dist/tex/latex/listings/lstlang1.sty
File: lstlang1.sty 2015/06/04 1.6 listings language file
)
(/usr/local/texlive/2016/texmf-dist/tex/latex/oberdiek/pdflscape.sty
Package: pdflscape 2016/05/14 v0.11 Display of landscape pages in PDF (HO)

(/usr/local/texlive/2016/texmf-dist/tex/latex/graphics/lscape.sty
Package: lscape 2000/10/22 v3.01 Landscape Pages (DPC)
)
Package pdflscape Info: Auto-detected driver: pdftex on input line 81.
)
Package csquotes Info: Checking for multilingual support...
Package csquotes Info: ... none found.


Package csquotes Warning: No multilingual support.
(csquotes)                Cannot enable multilingual quotes on input line 63.

(./assran.aux)
\openout1 = `assran.aux'.

LaTeX Font Info:    Checking defaults for OML/cmm/m/it on input line 63.
LaTeX Font Info:    ... okay on input line 63.
LaTeX Font Info:    Checking defaults for T1/cmr/m/n on input line 63.
LaTeX Font Info:    ... okay on input line 63.
LaTeX Font Info:    Checking defaults for OT1/cmr/m/n on input line 63.
LaTeX Font Info:    ... okay on input line 63.
LaTeX Font Info:    Checking defaults for OMS/cmsy/m/n on input line 63.
LaTeX Font Info:    ... okay on input line 63.
LaTeX Font Info:    Checking defaults for OMX/cmex/m/n on input line 63.
LaTeX Font Info:    ... okay on input line 63.
LaTeX Font Info:    Checking defaults for U/cmr/m/n on input line 63.
LaTeX Font Info:    ... okay on input line 63.

*geometry* driver: auto-detecting
*geometry* detected driver: pdftex
*geometry* verbose mode - [ preamble ] result:
* driver: pdftex
* paper: letterpaper
* layout: <same size as paper>
* layoutoffset:(h,v)=(0.0pt,0.0pt)
* modes: 
* h-part:(L,W,R)=(72.26999pt, 469.75502pt, 72.26999pt)
* v-part:(T,H,B)=(72.26999pt, 650.43001pt, 72.26999pt)
* \paperwidth=614.295pt
* \paperheight=794.96999pt
* \textwidth=469.75502pt
* \textheight=650.43001pt
* \oddsidemargin=0.0pt
* \evensidemargin=0.0pt
* \topmargin=-37.0pt
* \headheight=12.0pt
* \headsep=25.0pt
* \topskip=11.0pt
* \footskip=30.0pt
* \marginparwidth=59.0pt
* \marginparsep=10.0pt
* \columnsep=10.0pt
* \skip\footins=10.0pt plus 4.0pt minus 2.0pt
* \hoffset=0.0pt
* \voffset=0.0pt
* \mag=1000
* \@twocolumnfalse
* \@twosidefalse
* \@mparswitchfalse
* \@reversemarginfalse
* (1in=72.27pt=25.4mm, 1cm=28.453pt)

(/usr/local/texlive/2016/texmf-dist/tex/context/base/mkii/supp-pdf.mkii
[Loading MPS to PDF converter (version 2006.09.02).]
\scratchcounter=\count129
\scratchdimen=\dimen151
\scratchbox=\box32
\nofMPsegments=\count130
\nofMParguments=\count131
\everyMPshowfont=\toks23
\MPscratchCnt=\count132
\MPscratchDim=\dimen152
\MPnumerator=\count133
\makeMPintoPDFobject=\count134
\everyMPtoPDFconversion=\toks24
)
Package caption Info: Begin \AtBeginDocument code.
Package caption Info: listings package is loaded.
Package caption Info: End \AtBeginDocument code.
\Hy@linkcounter=\count135
\c@lstlisting=\count136
LaTeX Font Info:    Try loading font information for U+rsfs on input line 64.
 (/usr/local/texlive/2016/texmf-dist/tex/latex/jknapltx/ursfs.fd
File: ursfs.fd 1998/03/24 rsfs font definition file (jk)
)
LaTeX Font Info:    Try loading font information for U+msa on input line 64.

(/usr/local/texlive/2016/texmf-dist/tex/latex/amsfonts/umsa.fd
File: umsa.fd 2013/01/14 v3.01 AMS symbols A
)
LaTeX Font Info:    Try loading font information for U+msb on input line 64.

(/usr/local/texlive/2016/texmf-dist/tex/latex/amsfonts/umsb.fd
File: umsb.fd 2013/01/14 v3.01 AMS symbols B
) [1

{/usr/local/texlive/2016/texmf-var/fonts/map/pdftex/updmap/pdftex.map}]
<o_L_BH_first_six.png, id=16, 902.37125pt x 262.9825pt>
File: o_L_BH_first_six.png Graphic file (type png)

<use o_L_BH_first_six.png>
Package pdftex.def Info: o_L_BH_first_six.png used on input line 98.
(pdftex.def)             Requested size: 469.75502pt x 136.90416pt.

Underfull \hbox (badness 10000) in paragraph at lines 98--99

 []

<L_BH_first_six.png, id=18, 578.16pt x 433.62pt>
File: L_BH_first_six.png Graphic file (type png)
 <use L_BH_first_six.png>
Package pdftex.def Info: L_BH_first_six.png used on input line 101.
(pdftex.def)             Requested size: 469.75502pt x 352.31538pt.

Underfull \hbox (badness 10000) in paragraph at lines 101--102

 []

<o_L_HB_first_six.png, id=19, 895.345pt x 270.00874pt>
File: o_L_HB_first_six.png Graphic file (type png)

<use o_L_HB_first_six.png>
Package pdftex.def Info: o_L_HB_first_six.png used on input line 109.
(pdftex.def)             Requested size: 469.75502pt x 141.66606pt.

Underfull \hbox (badness 10000) in paragraph at lines 109--110

 []

<L_HB_first_six.png, id=20, 578.16pt x 433.62pt>
File: L_HB_first_six.png Graphic file (type png)
 <use L_HB_first_six.png>
Package pdftex.def Info: L_HB_first_six.png used on input line 112.
(pdftex.def)             Requested size: 469.75502pt x 352.31538pt.

Underfull \hbox (badness 10000) in paragraph at lines 112--113

 []

[2] [3 <./o_L_BH_first_six.png> <./L_BH_first_six.png>] [4 <./o_L_HB_first_six.
png> <./L_HB_first_six.png>]
<o_L_BH_sep_six.png, id=37, 898.35625pt x 257.96375pt>
File: o_L_BH_sep_six.png Graphic file (type png)

<use o_L_BH_sep_six.png>
Package pdftex.def Info: o_L_BH_sep_six.png used on input line 125.
(pdftex.def)             Requested size: 469.75502pt x 134.88979pt.

Underfull \hbox (badness 10000) in paragraph at lines 125--126

 []

<L_BH_sep_six.png, id=38, 578.16pt x 433.62pt>
File: L_BH_sep_six.png Graphic file (type png)
 <use L_BH_sep_six.png>
Package pdftex.def Info: L_BH_sep_six.png used on input line 128.
(pdftex.def)             Requested size: 469.75502pt x 352.31538pt.

Underfull \hbox (badness 10000) in paragraph at lines 128--129

 []

<o_L_HB_sep_six.png, id=39, 899.36pt x 261.97874pt>
File: o_L_HB_sep_six.png Graphic file (type png)
 <use o_L_HB_sep_six.png>
Package pdftex.def Info: o_L_HB_sep_six.png used on input line 136.
(pdftex.def)             Requested size: 469.75502pt x 136.83734pt.

Underfull \hbox (badness 10000) in paragraph at lines 136--137

 []

<L_HB_sep_six.png, id=40, 578.16pt x 433.62pt>
File: L_HB_sep_six.png Graphic file (type png)
 <use L_HB_sep_six.png>
Package pdftex.def Info: L_HB_sep_six.png used on input line 139.
(pdftex.def)             Requested size: 469.75502pt x 352.31538pt.

Underfull \hbox (badness 10000) in paragraph at lines 139--140

 []

[5] [6 <./o_L_BH_sep_six.png> <./L_BH_sep_six.png>] [7 <./o_L_HB_sep_six.png> <
./L_HB_sep_six.png>] [8] <H_BH_sep_six.png, id=58, 578.16pt x 433.62pt>
File: H_BH_sep_six.png Graphic file (type png)

<use H_BH_sep_six.png>
Package pdftex.def Info: H_BH_sep_six.png used on input line 200.
(pdftex.def)             Requested size: 375.80544pt x 281.84966pt.

Underfull \hbox (badness 10000) in paragraph at lines 200--201

 []

<H_HB_sep_six.png, id=59, 578.16pt x 433.62pt>
File: H_HB_sep_six.png Graphic file (type png)
 <use H_HB_sep_six.png>
Package pdftex.def Info: H_HB_sep_six.png used on input line 203.
(pdftex.def)             Requested size: 375.80544pt x 281.84966pt.

Underfull \hbox (badness 10000) in paragraph at lines 203--204

 []

[9] [10 <./H_BH_sep_six.png> <./H_HB_sep_six.png>]
<iron_core.png, id=71, 208.78pt x 220.825pt>
File: iron_core.png Graphic file (type png)
 <use iron_core.png>
Package pdftex.def Info: iron_core.png used on input line 235.
(pdftex.def)             Requested size: 187.89914pt x 198.75076pt.

Underfull \hbox (badness 10000) in paragraph at lines 235--236

 []

<mag_circ.png, id=72, 385.44pt x 279.0425pt>
File: mag_circ.png Graphic file (type png)
 <use mag_circ.png>
Package pdftex.def Info: mag_circ.png used on input line 240.
(pdftex.def)             Requested size: 234.8775pt x 170.04109pt.

Underfull \hbox (badness 10000) in paragraph at lines 240--241

 []

[11] [12 <./iron_core.png> <./mag_circ.png>] [13

]
<NR_Q1.png, id=85, 822.07124pt x 811.03pt>
File: NR_Q1.png Graphic file (type png)
 <use NR_Q1.png>
Package pdftex.def Info: NR_Q1.png used on input line 290.
(pdftex.def)             Requested size: 469.75502pt x 463.44281pt.

Underfull \hbox (badness 10000) in paragraph at lines 290--291

 []

[14] [15 <./NR_Q1.png>] <SS_Q1.png, id=93, 797.98125pt x 810.02625pt>
File: SS_Q1.png Graphic file (type png)

<use SS_Q1.png>
Package pdftex.def Info: SS_Q1.png used on input line 310.
(pdftex.def)             Requested size: 469.75502pt x 476.84839pt.

Underfull \hbox (badness 10000) in paragraph at lines 310--311

 []

[16] [17 <./SS_Q1.png>] <circuit_Q2.png, id=101, 334.24875pt x 306.14375pt>
File: circuit_Q2.png Graphic file (type png)

<use circuit_Q2.png>
Package pdftex.def Info: circuit_Q2.png used on input line 332.
(pdftex.def)             Requested size: 187.89914pt x 172.10266pt.

Underfull \hbox (badness 10000) in paragraph at lines 332--333

 []

[18 <./circuit_Q2.png>] <o_NR_Q2.png, id=106, 862.22125pt x 376.40625pt>
File: o_NR_Q2.png Graphic file (type png)

<use o_NR_Q2.png>
Package pdftex.def Info: o_NR_Q2.png used on input line 356.
(pdftex.def)             Requested size: 469.75502pt x 205.07127pt.

Underfull \hbox (badness 10000) in paragraph at lines 356--357

 []

<NR_Q2.png, id=107, 578.16pt x 433.62pt>
File: NR_Q2.png Graphic file (type png)
 <use NR_Q2.png>
Package pdftex.def Info: NR_Q2.png used on input line 360.
(pdftex.def)             Requested size: 469.75502pt x 352.31538pt.

Underfull \hbox (badness 10000) in paragraph at lines 360--361

 []


LaTeX Warning: Float too large for page by 21.55666pt on input line 364.

[19] [20 <./o_NR_Q2.png> <./NR_Q2.png>] [21]
<o_GL_sin.png, id=121, 824.07875pt x 583.17876pt>
File: o_GL_sin.png Graphic file (type png)
 <use o_GL_sin.png>
Package pdftex.def Info: o_GL_sin.png used on input line 403.
(pdftex.def)             Requested size: 328.82707pt x 232.69786pt.

Underfull \hbox (badness 10000) in paragraph at lines 403--404

 []

<GL_sin.png, id=122, 578.16pt x 433.62pt>
File: GL_sin.png Graphic file (type png)
 <use GL_sin.png>
Package pdftex.def Info: GL_sin.png used on input line 406.
(pdftex.def)             Requested size: 469.75502pt x 352.31538pt.

Underfull \hbox (badness 10000) in paragraph at lines 406--407

 []


LaTeX Warning: Float too large for page by 25.58325pt on input line 410.

[22] [23 <./o_GL_sin.png> <./GL_sin.png>]
<o_GL_log.png, id=131, 827.09pt x 593.21625pt>
File: o_GL_log.png Graphic file (type png)
 <use o_GL_log.png>
Package pdftex.def Info: o_GL_log.png used on input line 421.
(pdftex.def)             Requested size: 328.82707pt x 235.85211pt.

Underfull \hbox (badness 10000) in paragraph at lines 421--422

 []

<GL_log.png, id=132, 578.16pt x 433.62pt>
File: GL_log.png Graphic file (type png)
 <use GL_log.png>
Package pdftex.def Info: GL_log.png used on input line 424.
(pdftex.def)             Requested size: 469.75502pt x 352.31538pt.

Underfull \hbox (badness 10000) in paragraph at lines 424--425

 []


LaTeX Warning: Float too large for page by 28.7375pt on input line 428.

[24] [25 <./o_GL_log.png> <./GL_log.png>]
<o_GL_log_sin.png, id=142, 827.09pt x 580.1675pt>
File: o_GL_log_sin.png Graphic file (type png)
 <use o_GL_log_sin.png>
Package pdftex.def Info: o_GL_log_sin.png used on input line 439.
(pdftex.def)             Requested size: 328.82707pt x 230.66415pt.

Underfull \hbox (badness 10000) in paragraph at lines 439--440

 []

<GL_log_sin.png, id=143, 578.16pt x 433.62pt>
File: GL_log_sin.png Graphic file (type png)
 <use GL_log_sin.png>
Package pdftex.def Info: GL_log_sin.png used on input line 442.
(pdftex.def)             Requested size: 469.75502pt x 352.31538pt.

Underfull \hbox (badness 10000) in paragraph at lines 442--443

 []


LaTeX Warning: Float too large for page by 23.54955pt on input line 446.

[26] [27 <./o_GL_log_sin.png> <./GL_log_sin.png>]
<o_GL_uneven.png, id=152, 829.0975pt x 490.83376pt>
File: o_GL_uneven.png Graphic file (type png)
 <use o_GL_uneven.png>
Package pdftex.def Info: o_GL_uneven.png used on input line 455.
(pdftex.def)             Requested size: 469.75502pt x 278.093pt.

Underfull \hbox (badness 10000) in paragraph at lines 455--456

 []

[28 <./o_GL_uneven.png>]
(/usr/local/texlive/2016/texmf-dist/tex/latex/listings/lstlang1.sty
File: lstlang1.sty 2015/06/04 1.6 listings language file
)
(../lagrange_interpolation.py
LaTeX Font Info:    Try loading font information for OMS+cmr on input line 11.

(/usr/local/texlive/2016/texmf-dist/tex/latex/base/omscmr.fd
File: omscmr.fd 2014/09/29 v2.5h Standard LaTeX font definitions
)
LaTeX Font Info:    Font shape `OMS/cmr/m/n' in size <9> not available
(Font)              Font shape `OMS/cmsy/m/n' tried instead on input line 11.
 [29

]
LaTeX Font Info:    Try loading font information for OML+cmr on input line 51.

(/usr/local/texlive/2016/texmf-dist/tex/latex/base/omlcmr.fd
File: omlcmr.fd 2014/09/29 v2.5h Standard LaTeX font definitions
)
LaTeX Font Info:    Font shape `OML/cmr/m/n' in size <9> not available
(Font)              Font shape `OML/cmm/m/it' tried instead on input line 51.
 [30] [31])
[32] (../lagrange_subdomain_interpolation.py [33


] [34]) [35]
(../hermite_subdomain_interpolation.py [36


] [37]) [38]
(../polynomial_collective.py [39


]) [40] (../polynomial.py [41


]) [42]
(../newton_raphson.py [43


] [44]
Overfull \hbox (54.42232pt too wide) in paragraph at lines 99--100
[][][][][][][][][][][][][][][][][][][][][][][][][][][][][][][][][][][][][][][][
][][][][][][][][] 
 []

[45] [46]) [47] (../gauss_legendre.py [48


] [49] [50] [51]) [52] [53]
(../utils.py [54


] [55]) [56] (../choleski.py [57


] [58] [59]) [60] (./assran.aux) ) 
Here is how much of TeX's memory you used:
 7529 strings out of 493014
 113897 string characters out of 6133351
 287735 words of memory out of 5000000
 10888 multiletter control sequences out of 15000+600000
 16716 words of font info for 65 fonts, out of 8000000 for 9000
 1141 hyphenation exceptions out of 8191
 42i,16n,43p,1299b,1721s stack positions out of 5000i,500n,10000p,200000b,80000s
</usr/local/texlive/2016/texmf-dist/fonts/typ
e1/public/amsfonts/cm/cmbx10.pfb></usr/local/texlive/2016/texmf-dist/fonts/type
1/public/amsfonts/cm/cmbx12.pfb></usr/local/texlive/2016/texmf-dist/fonts/type1
/public/amsfonts/cm/cmbx8.pfb></usr/local/texlive/2016/texmf-dist/fonts/type1/p
ublic/amsfonts/cm/cmcsc10.pfb></usr/local/texlive/2016/texmf-dist/fonts/type1/p
ublic/amsfonts/cm/cmex10.pfb></usr/local/texlive/2016/texmf-dist/fonts/type1/pu
blic/amsfonts/cm/cmmi10.pfb></usr/local/texlive/2016/texmf-dist/fonts/type1/pub
lic/amsfonts/cm/cmmi6.pfb></usr/local/texlive/2016/texmf-dist/fonts/type1/publi
c/amsfonts/cm/cmmi8.pfb></usr/local/texlive/2016/texmf-dist/fonts/type1/public/
amsfonts/cm/cmmi9.pfb></usr/local/texlive/2016/texmf-dist/fonts/type1/public/am
sfonts/cm/cmr10.pfb></usr/local/texlive/2016/texmf-dist/fonts/type1/public/amsf
onts/cm/cmr12.pfb></usr/local/texlive/2016/texmf-dist/fonts/type1/public/amsfon
ts/cm/cmr17.pfb></usr/local/texlive/2016/texmf-dist/fonts/type1/public/amsfonts
/cm/cmr6.pfb></usr/local/texlive/2016/texmf-dist/fonts/type1/public/amsfonts/cm
/cmr8.pfb></usr/local/texlive/2016/texmf-dist/fonts/type1/public/amsfonts/cm/cm
r9.pfb></usr/local/texlive/2016/texmf-dist/fonts/type1/public/amsfonts/cm/cmsy1
0.pfb></usr/local/texlive/2016/texmf-dist/fonts/type1/public/amsfonts/cm/cmsy6.
pfb></usr/local/texlive/2016/texmf-dist/fonts/type1/public/amsfonts/cm/cmsy8.pf
b></usr/local/texlive/2016/texmf-dist/fonts/type1/public/amsfonts/cm/cmsy9.pfb>
</usr/local/texlive/2016/texmf-dist/fonts/type1/public/amsfonts/cm/cmti10.pfb>
Output written on assran.pdf (60 pages, 1732184 bytes).
PDF statistics:
 327 PDF objects out of 1000 (max. 8388607)
 195 compressed objects within 2 object streams
 0 named destinations out of 1000 (max. 500000)
 121 words of extra memory for PDF output out of 10000 (max. 10000000)

